

Started GET "/users/sign_up" for ::1 at 2016-03-29 10:36:47 +0200

ActiveRecord::PendingMigrationError (

Migrations are pending. To resolve this issue, run:

	bin/rake db:migrate RAILS_ENV=development

):
  activerecord (4.2.5) lib/active_record/migration.rb:392:in `check_pending!'
  activerecord (4.2.5) lib/active_record/migration.rb:373:in `call'
  actionpack (4.2.5) lib/action_dispatch/middleware/callbacks.rb:29:in `block in call'
  activesupport (4.2.5) lib/active_support/callbacks.rb:88:in `__run_callbacks__'
  activesupport (4.2.5) lib/active_support/callbacks.rb:778:in `_run_call_callbacks'
  activesupport (4.2.5) lib/active_support/callbacks.rb:81:in `run_callbacks'
  actionpack (4.2.5) lib/action_dispatch/middleware/callbacks.rb:27:in `call'
  actionpack (4.2.5) lib/action_dispatch/middleware/reloader.rb:73:in `call'
  actionpack (4.2.5) lib/action_dispatch/middleware/remote_ip.rb:78:in `call'
  actionpack (4.2.5) lib/action_dispatch/middleware/debug_exceptions.rb:17:in `call'
  web-console (2.3.0) lib/web_console/middleware.rb:28:in `block in call'
  web-console (2.3.0) lib/web_console/middleware.rb:18:in `catch'
  web-console (2.3.0) lib/web_console/middleware.rb:18:in `call'
  actionpack (4.2.5) lib/action_dispatch/middleware/show_exceptions.rb:30:in `call'
  railties (4.2.5) lib/rails/rack/logger.rb:38:in `call_app'
  railties (4.2.5) lib/rails/rack/logger.rb:20:in `block in call'
  activesupport (4.2.5) lib/active_support/tagged_logging.rb:68:in `block in tagged'
  activesupport (4.2.5) lib/active_support/tagged_logging.rb:26:in `tagged'
  activesupport (4.2.5) lib/active_support/tagged_logging.rb:68:in `tagged'
  railties (4.2.5) lib/rails/rack/logger.rb:20:in `call'
  actionpack (4.2.5) lib/action_dispatch/middleware/request_id.rb:21:in `call'
  rack (1.6.4) lib/rack/methodoverride.rb:22:in `call'
  rack (1.6.4) lib/rack/runtime.rb:18:in `call'
  activesupport (4.2.5) lib/active_support/cache/strategy/local_cache_middleware.rb:28:in `call'
  rack (1.6.4) lib/rack/lock.rb:17:in `call'
  actionpack (4.2.5) lib/action_dispatch/middleware/static.rb:116:in `call'
  rack (1.6.4) lib/rack/sendfile.rb:113:in `call'
  railties (4.2.5) lib/rails/engine.rb:518:in `call'
  railties (4.2.5) lib/rails/application.rb:165:in `call'
  rack (1.6.4) lib/rack/content_length.rb:15:in `call'
  puma (3.2.0) lib/puma/configuration.rb:227:in `call'
  puma (3.2.0) lib/puma/server.rb:561:in `handle_request'
  puma (3.2.0) lib/puma/server.rb:406:in `process_client'
  puma (3.2.0) lib/puma/server.rb:271:in `block in run'
  puma (3.2.0) lib/puma/thread_pool.rb:111:in `block in spawn_thread'


  Rendered /Users/thomasvanderstraeten/.rbenv/versions/2.3.0/lib/ruby/gems/2.3.0/gems/actionpack-4.2.5/lib/action_dispatch/middleware/templates/rescues/_source.erb (4.2ms)
  Rendered /Users/thomasvanderstraeten/.rbenv/versions/2.3.0/lib/ruby/gems/2.3.0/gems/actionpack-4.2.5/lib/action_dispatch/middleware/templates/rescues/_trace.html.erb (1.3ms)
  Rendered /Users/thomasvanderstraeten/.rbenv/versions/2.3.0/lib/ruby/gems/2.3.0/gems/actionpack-4.2.5/lib/action_dispatch/middleware/templates/rescues/_request_and_response.html.erb (0.8ms)
  Rendered /Users/thomasvanderstraeten/.rbenv/versions/2.3.0/lib/ruby/gems/2.3.0/gems/actionpack-4.2.5/lib/action_dispatch/middleware/templates/rescues/diagnostics.html.erb within rescues/layout (73.8ms)
  Rendered /Users/thomasvanderstraeten/.rbenv/versions/2.3.0/lib/ruby/gems/2.3.0/gems/web-console-2.3.0/lib/web_console/templates/_markup.html.erb (0.5ms)
  Rendered /Users/thomasvanderstraeten/.rbenv/versions/2.3.0/lib/ruby/gems/2.3.0/gems/web-console-2.3.0/lib/web_console/templates/_inner_console_markup.html.erb within layouts/inlined_string (0.5ms)
  Rendered /Users/thomasvanderstraeten/.rbenv/versions/2.3.0/lib/ruby/gems/2.3.0/gems/web-console-2.3.0/lib/web_console/templates/_prompt_box_markup.html.erb within layouts/inlined_string (0.5ms)
  Rendered /Users/thomasvanderstraeten/.rbenv/versions/2.3.0/lib/ruby/gems/2.3.0/gems/web-console-2.3.0/lib/web_console/templates/style.css.erb within layouts/inlined_string (0.4ms)
  Rendered /Users/thomasvanderstraeten/.rbenv/versions/2.3.0/lib/ruby/gems/2.3.0/gems/web-console-2.3.0/lib/web_console/templates/console.js.erb within layouts/javascript (585.8ms)
  Rendered /Users/thomasvanderstraeten/.rbenv/versions/2.3.0/lib/ruby/gems/2.3.0/gems/web-console-2.3.0/lib/web_console/templates/main.js.erb within layouts/javascript (0.5ms)
  Rendered /Users/thomasvanderstraeten/.rbenv/versions/2.3.0/lib/ruby/gems/2.3.0/gems/web-console-2.3.0/lib/web_console/templates/error_page.js.erb within layouts/javascript (0.4ms)
  Rendered /Users/thomasvanderstraeten/.rbenv/versions/2.3.0/lib/ruby/gems/2.3.0/gems/web-console-2.3.0/lib/web_console/templates/index.html.erb (682.7ms)
  [1m[36m (10.1ms)[0m  [1mCREATE TABLE "schema_migrations" ("version" character varying NOT NULL) [0m
  [1m[35m (3.4ms)[0m  CREATE UNIQUE INDEX  "unique_schema_migrations" ON "schema_migrations"  ("version")
  [1m[36mActiveRecord::SchemaMigration Load (0.5ms)[0m  [1mSELECT "schema_migrations".* FROM "schema_migrations"[0m
Migrating to DeviseCreateUsers (20160328195649)
  [1m[35m (0.2ms)[0m  BEGIN
  [1m[36m (8.1ms)[0m  [1mCREATE TABLE "users" ("id" serial primary key, "email" character varying DEFAULT '' NOT NULL, "encrypted_password" character varying DEFAULT '' NOT NULL, "reset_password_token" character varying, "reset_password_sent_at" timestamp, "remember_created_at" timestamp, "sign_in_count" integer DEFAULT 0 NOT NULL, "current_sign_in_at" timestamp, "last_sign_in_at" timestamp, "current_sign_in_ip" inet, "last_sign_in_ip" inet, "confirmation_token" character varying, "confirmed_at" timestamp, "confirmation_sent_at" timestamp, "unconfirmed_email" character varying, "first_name" character varying, "last_name" character varying, "avatar" character varying, "created_at" timestamp NOT NULL, "updated_at" timestamp NOT NULL) [0m
  [1m[35m (3.4ms)[0m  CREATE UNIQUE INDEX  "index_users_on_email" ON "users"  ("email")
  [1m[36m (3.0ms)[0m  [1mCREATE UNIQUE INDEX  "index_users_on_reset_password_token" ON "users"  ("reset_password_token")[0m
  [1m[35mSQL (0.4ms)[0m  INSERT INTO "schema_migrations" ("version") VALUES ($1)  [["version", "20160328195649"]]
  [1m[36m (2.0ms)[0m  [1mCOMMIT[0m
Migrating to AddOmniauthToUsers (20160328201504)
  [1m[35m (0.3ms)[0m  BEGIN
  [1m[36m (0.4ms)[0m  [1mALTER TABLE "users" ADD "provider" character varying[0m
  [1m[35m (0.3ms)[0m  ALTER TABLE "users" ADD "uid" character varying
  [1m[36mSQL (0.2ms)[0m  [1mINSERT INTO "schema_migrations" ("version") VALUES ($1)[0m  [["version", "20160328201504"]]
  [1m[35m (2.2ms)[0m  COMMIT
  [1m[36mActiveRecord::SchemaMigration Load (0.2ms)[0m  [1mSELECT "schema_migrations".* FROM "schema_migrations"[0m
  [1m[35m (2.2ms)[0m  SELECT t2.oid::regclass::text AS to_table, a1.attname AS column, a2.attname AS primary_key, c.conname AS name, c.confupdtype AS on_update, c.confdeltype AS on_delete
FROM pg_constraint c
JOIN pg_class t1 ON c.conrelid = t1.oid
JOIN pg_class t2 ON c.confrelid = t2.oid
JOIN pg_attribute a1 ON a1.attnum = c.conkey[1] AND a1.attrelid = t1.oid
JOIN pg_attribute a2 ON a2.attnum = c.confkey[1] AND a2.attrelid = t2.oid
JOIN pg_namespace t3 ON c.connamespace = t3.oid
WHERE c.contype = 'f'
  AND t1.relname = 'users'
  AND t3.nspname = ANY (current_schemas(false))
ORDER BY c.conname



Started GET "/users/sign_up" for ::1 at 2016-03-29 10:37:19 +0200
  [1m[36mActiveRecord::SchemaMigration Load (0.4ms)[0m  [1mSELECT "schema_migrations".* FROM "schema_migrations"[0m
Processing by Devise::RegistrationsController#new as HTML
  Rendered devise/shared/_links.html.erb (15.6ms)
  Rendered devise/registrations/new.html.erb within layouts/application (369.0ms)
Completed 200 OK in 9663ms (Views: 9631.0ms | ActiveRecord: 2.6ms)


Started GET "/assets/application.self-6650d5a9ad57be8efef5a305f8611e5e4d2c1ea2776c1f672642cbed0a435f84.css?body=1" for ::1 at 2016-03-29 10:37:29 +0200


Started GET "/assets/application.self-f8806224e027f3e3f0138ea9ce99319e298dfdb323304d1f1be6eae8e8c74724.js?body=1" for ::1 at 2016-03-29 10:37:29 +0200


Started GET "/assets/users/omniauth_callbacks.self-877aef30ae1b040ab8a3aba4e3e309a11d7f2612f44dde450b5c157aa5f95c05.js?body=1" for ::1 at 2016-03-29 10:37:29 +0200


Started GET "/assets/jquery.self-660adc51e0224b731d29f575a6f1ec167ba08ad06ed5deca4f1e8654c135bf4c.js?body=1" for ::1 at 2016-03-29 10:37:29 +0200


Started GET "/assets/jquery_ujs.self-e87806d0cf4489aeb1bb7288016024e8de67fd18db693fe026fe3907581e53cd.js?body=1" for ::1 at 2016-03-29 10:37:29 +0200


Started GET "/assets/bootstrap/affix.self-3555752f8a930795ee9e56751a52e6871104ae85d01b3ab8363da3802a5ecc78.js?body=1" for ::1 at 2016-03-29 10:37:29 +0200


Started GET "/assets/bootstrap/alert.self-d8b7bd612b3dcfdefb7b5539b9d5848d66ccbd3e7af8bb8d48bfb3288aaa7be8.js?body=1" for ::1 at 2016-03-29 10:37:29 +0200


Started GET "/assets/bootstrap/button.self-e74d33ba39500940a78d6fa4d2d64f6ca7fd86d60a2149641f7fde7ba711d8a1.js?body=1" for ::1 at 2016-03-29 10:37:29 +0200


Started GET "/assets/bootstrap/carousel.self-35d204878d906298e55bc24553e11fd89b980fc4ffe5792fe36af8c0da289c54.js?body=1" for ::1 at 2016-03-29 10:37:29 +0200


Started GET "/assets/bootstrap/collapse.self-056c40532d9f0f126ec17e839f60c942f573fbd61a086e7f156306e3fc5e8c1f.js?body=1" for ::1 at 2016-03-29 10:37:29 +0200


Started GET "/assets/bootstrap/dropdown.self-e56c2ffee4618411d43ecf15c89273f6223847ad756e1cd17545d04afa732ed4.js?body=1" for ::1 at 2016-03-29 10:37:29 +0200


Started GET "/assets/bootstrap/modal.self-62463080dba6b9d024ff0a3192da0e76eacbc683194f3395047c6f5cfa0acb59.js?body=1" for ::1 at 2016-03-29 10:37:29 +0200


Started GET "/assets/bootstrap/scrollspy.self-52afd90e8ba97d9f08617a13986e8869d6c4a45751c0bff59a6f91241e722aca.js?body=1" for ::1 at 2016-03-29 10:37:29 +0200


Started GET "/assets/bootstrap/tab.self-dad0d5c377f9fae26394484535ebb23ccf68afae084f896af6ea4cdf8c9f6ae0.js?body=1" for ::1 at 2016-03-29 10:37:29 +0200


Started GET "/assets/bootstrap/transition.self-3b268d4cd8c79e46ded7392885f72f64ffb5b0d49948a12b8cf9779f6163e13a.js?body=1" for ::1 at 2016-03-29 10:37:29 +0200


Started GET "/assets/bootstrap/tooltip.self-facdc69246a072acb927ded77ff655f7c27a518b9357fddd45d119fbc8a0ab9f.js?body=1" for ::1 at 2016-03-29 10:37:29 +0200


Started GET "/assets/bootstrap/popover.self-210cff1fb4b72b71a29b5122180cb5937c8145cd13a934dc838280f1d9607a3e.js?body=1" for ::1 at 2016-03-29 10:37:29 +0200


Started GET "/assets/bootstrap-sprockets.self-fbfa5ad7d9aa0afe439ec4ff3883acc4cb92b62cb67c40d674320c9aa1d4642d.js?body=1" for ::1 at 2016-03-29 10:37:29 +0200


Started GET "/assets/turbolinks.self-c37727e9bd6b2735da5c311aa83fead54ed0be6cc8bd9a65309e9c5abe2cbfff.js?body=1" for ::1 at 2016-03-29 10:37:29 +0200


Started GET "/assets/pages.self-877aef30ae1b040ab8a3aba4e3e309a11d7f2612f44dde450b5c157aa5f95c05.js?body=1" for ::1 at 2016-03-29 10:37:29 +0200


Started GET "/users/auth/linkedin" for ::1 at 2016-03-29 10:37:31 +0200


Started GET "/users/auth/linkedin" for ::1 at 2016-03-29 10:37:32 +0200


Started GET "/users/auth/linkedin/callback?oauth_token=78--da33cf40-ba4b-4769-9a26-e64fe0e36fa3&oauth_verifier=30260" for ::1 at 2016-03-29 10:37:37 +0200
Processing by Users::OmniauthCallbacksController#linkedin as HTML
  Parameters: {"oauth_token"=>"78--da33cf40-ba4b-4769-9a26-e64fe0e36fa3", "oauth_verifier"=>"30260"}
  [1m[35mUser Load (15.5ms)[0m  SELECT  "users".* FROM "users" WHERE "users"."provider" = $1 AND "users"."uid" = $2  ORDER BY "users"."id" ASC LIMIT 1  [["provider", "linkedin"], ["uid", "EI-a5IVPh5"]]
  [1m[36m (0.2ms)[0m  [1mBEGIN[0m
  [1m[35mUser Exists (0.6ms)[0m  SELECT  1 AS one FROM "users" WHERE "users"."email" = 'vanderstraeten.thomas@gmail.com' LIMIT 1
  [1m[36mUser Load (0.3ms)[0m  [1mSELECT  "users".* FROM "users" WHERE "users"."provider" = $1 AND "users"."uid" = $2 AND "users"."confirmation_token" = $3  ORDER BY "users"."id" ASC LIMIT 1[0m  [["provider", "linkedin"], ["uid", "EI-a5IVPh5"], ["confirmation_token", "eab808ced88bed2bbecb2f1d91946911e8d760cf3113afac85eb44cd9b5cca5c"]]
  [1m[35mSQL (1.1ms)[0m  INSERT INTO "users" ("provider", "uid", "email", "encrypted_password", "first_name", "last_name", "avatar", "created_at", "updated_at", "confirmation_token", "confirmation_sent_at") VALUES ($1, $2, $3, $4, $5, $6, $7, $8, $9, $10, $11) RETURNING "id"  [["provider", "linkedin"], ["uid", "EI-a5IVPh5"], ["email", "vanderstraeten.thomas@gmail.com"], ["encrypted_password", "$2a$10$0G6hJfJAo/XF/NvJ1XC1Iu6TdMuypY0XnJZnjs1OUmdBptcERo4iS"], ["first_name", "Thomas"], ["last_name", "Vanderstraeten"], ["avatar", "https://media.licdn.com/mpr/mprx/0_yHCbiqUZ_0N_5xrZYehqinHNiVT85VhZYun4in4dpyvKsYc4ratwS9uFDc3x6j3NgI8M2AQk2_uE"], ["created_at", "2016-03-29 08:37:38.829139"], ["updated_at", "2016-03-29 08:37:38.829139"], ["confirmation_token", "Svj4sKzSugShVNgMhcK2"], ["confirmation_sent_at", "2016-03-29 08:37:39.078078"]]
  Rendered devise/mailer/confirmation_instructions.html.erb (7.2ms)

Devise::Mailer#confirmation_instructions: processed outbound mail in 402.4ms

Sent mail to vanderstraeten.thomas@gmail.com (2397.7ms)
Date: Tue, 29 Mar 2016 10:37:39 +0200
From: please-change-me-at-config-initializers-devise@example.com
Reply-To: please-change-me-at-config-initializers-devise@example.com
To: vanderstraeten.thomas@gmail.com
Message-ID: <56fa3ed3825f0_2df73fed5e63f34084343@Thomass-MacBook-Air-3.local.mail>
Subject: Confirmation instructions
Mime-Version: 1.0
Content-Type: text/html;
 charset=UTF-8
Content-Transfer-Encoding: 7bit

<p>Welcome vanderstraeten.thomas@gmail.com!</p>

<p>You can confirm your account email through the link below:</p>

<p><a href="http://localhost:3000/users/confirmation?confirmation_token=Svj4sKzSugShVNgMhcK2">Confirm my account</a></p>

  [1m[36m (2.3ms)[0m  [1mCOMMIT[0m
  [1m[35m (0.2ms)[0m  BEGIN
  [1m[36m (0.2ms)[0m  [1mCOMMIT[0m
Completed 401 Unauthorized in 3285ms (ActiveRecord: 20.7ms)


Started GET "/users/sign_in" for ::1 at 2016-03-29 10:37:41 +0200
Processing by Devise::SessionsController#new as HTML
  Rendered devise/shared/_links.html.erb (39.6ms)
  Rendered devise/sessions/new.html.erb within layouts/application (75.5ms)
Completed 200 OK in 195ms (Views: 186.8ms | ActiveRecord: 0.0ms)


Started GET "/users/auth/linkedin" for ::1 at 2016-03-29 10:37:46 +0200


Started GET "/users/auth/linkedin" for ::1 at 2016-03-29 10:37:47 +0200


Started GET "/users/auth/linkedin/callback?oauth_token=78--aff1dc09-3abf-4762-a200-c007b295dedd&oauth_verifier=62797" for ::1 at 2016-03-29 10:37:48 +0200
Processing by Users::OmniauthCallbacksController#linkedin as HTML
  Parameters: {"oauth_token"=>"78--aff1dc09-3abf-4762-a200-c007b295dedd", "oauth_verifier"=>"62797"}
  [1m[35mUser Load (0.7ms)[0m  SELECT  "users".* FROM "users" WHERE "users"."provider" = $1 AND "users"."uid" = $2  ORDER BY "users"."id" ASC LIMIT 1  [["provider", "linkedin"], ["uid", "EI-a5IVPh5"]]
  [1m[36m (0.2ms)[0m  [1mBEGIN[0m
  [1m[35m (0.2ms)[0m  COMMIT
Completed 401 Unauthorized in 9ms (ActiveRecord: 1.1ms)


Started GET "/users/sign_in" for ::1 at 2016-03-29 10:37:50 +0200
Processing by Devise::SessionsController#new as HTML
  Rendered devise/shared/_links.html.erb (15.0ms)
  Rendered devise/sessions/new.html.erb within layouts/application (22.0ms)
Completed 200 OK in 96ms (Views: 94.3ms | ActiveRecord: 0.0ms)
  [1m[36mUser Load (0.8ms)[0m  [1mSELECT "users".* FROM "users"[0m


Started GET "/users/confirmation?confirmation_token=Svj4sKzSugShVNgMhcK2" for ::1 at 2016-03-29 10:39:13 +0200
Processing by Devise::ConfirmationsController#show as HTML
  Parameters: {"confirmation_token"=>"Svj4sKzSugShVNgMhcK2"}
  [1m[36mUser Load (0.4ms)[0m  [1mSELECT  "users".* FROM "users" WHERE "users"."confirmation_token" = $1  ORDER BY "users"."id" ASC LIMIT 1[0m  [["confirmation_token", "Svj4sKzSugShVNgMhcK2"]]
  [1m[35m (0.2ms)[0m  BEGIN
  [1m[36mSQL (6.0ms)[0m  [1mUPDATE "users" SET "confirmed_at" = $1, "updated_at" = $2 WHERE "users"."id" = $3[0m  [["confirmed_at", "2016-03-29 08:39:13.167885"], ["updated_at", "2016-03-29 08:39:13.168786"], ["id", 1]]
  [1m[35m (5.7ms)[0m  COMMIT
Redirected to http://localhost:3000/users/sign_in
Completed 302 Found in 33ms (ActiveRecord: 12.3ms)


Started GET "/users/sign_in" for ::1 at 2016-03-29 10:39:13 +0200
Processing by Devise::SessionsController#new as HTML
  Rendered devise/shared/_links.html.erb (18.1ms)
  Rendered devise/sessions/new.html.erb within layouts/application (29.1ms)
Completed 200 OK in 200ms (Views: 198.9ms | ActiveRecord: 0.0ms)


Started GET "/users/auth/linkedin" for ::1 at 2016-03-29 10:39:16 +0200


Started GET "/users/auth/linkedin" for ::1 at 2016-03-29 10:39:16 +0200


Started GET "/users/auth/linkedin/callback?oauth_token=78--3ef8e903-3ad2-4a88-bab6-99aa8efdcb6d&oauth_verifier=82018" for ::1 at 2016-03-29 10:39:17 +0200
Processing by Users::OmniauthCallbacksController#linkedin as HTML
  Parameters: {"oauth_token"=>"78--3ef8e903-3ad2-4a88-bab6-99aa8efdcb6d", "oauth_verifier"=>"82018"}
  [1m[36mUser Load (0.7ms)[0m  [1mSELECT  "users".* FROM "users" WHERE "users"."provider" = $1 AND "users"."uid" = $2  ORDER BY "users"."id" ASC LIMIT 1[0m  [["provider", "linkedin"], ["uid", "EI-a5IVPh5"]]
  [1m[35m (0.3ms)[0m  BEGIN
  [1m[36mSQL (2.7ms)[0m  [1mUPDATE "users" SET "last_sign_in_at" = $1, "current_sign_in_at" = $2, "last_sign_in_ip" = $3, "current_sign_in_ip" = $4, "sign_in_count" = $5, "updated_at" = $6 WHERE "users"."id" = $7[0m  [["last_sign_in_at", "2016-03-29 08:39:18.783581"], ["current_sign_in_at", "2016-03-29 08:39:18.783581"], ["last_sign_in_ip", "::1/128"], ["current_sign_in_ip", "::1/128"], ["sign_in_count", 1], ["updated_at", "2016-03-29 08:39:18.785602"], ["id", 1]]
  [1m[35m (2.4ms)[0m  COMMIT
Redirected to http://localhost:3000/users/auth/linkedin/callback?oauth_token=78--aff1dc09-3abf-4762-a200-c007b295dedd&oauth_verifier=62797
Completed 500 Internal Server Error in 75ms (ActiveRecord: 6.0ms)

NoMethodError (undefined method `set_flash_message' for #<Users::OmniauthCallbacksController:0x007fdac1c3ec10>):
  app/controllers/users/omniauth_callbacks_controller.rb:21:in `linkedin'


  Rendered /Users/thomasvanderstraeten/.rbenv/versions/2.3.0/lib/ruby/gems/2.3.0/gems/actionpack-4.2.5/lib/action_dispatch/middleware/templates/rescues/_source.erb (7.7ms)
  Rendered /Users/thomasvanderstraeten/.rbenv/versions/2.3.0/lib/ruby/gems/2.3.0/gems/actionpack-4.2.5/lib/action_dispatch/middleware/templates/rescues/_trace.html.erb (2.9ms)
  Rendered /Users/thomasvanderstraeten/.rbenv/versions/2.3.0/lib/ruby/gems/2.3.0/gems/actionpack-4.2.5/lib/action_dispatch/middleware/templates/rescues/_request_and_response.html.erb (1.3ms)
  Rendered /Users/thomasvanderstraeten/.rbenv/versions/2.3.0/lib/ruby/gems/2.3.0/gems/actionpack-4.2.5/lib/action_dispatch/middleware/templates/rescues/diagnostics.html.erb within rescues/layout (132.8ms)
  Rendered /Users/thomasvanderstraeten/.rbenv/versions/2.3.0/lib/ruby/gems/2.3.0/gems/web-console-2.3.0/lib/web_console/templates/_markup.html.erb (0.7ms)
  Rendered /Users/thomasvanderstraeten/.rbenv/versions/2.3.0/lib/ruby/gems/2.3.0/gems/web-console-2.3.0/lib/web_console/templates/_inner_console_markup.html.erb within layouts/inlined_string (0.5ms)
  Rendered /Users/thomasvanderstraeten/.rbenv/versions/2.3.0/lib/ruby/gems/2.3.0/gems/web-console-2.3.0/lib/web_console/templates/_prompt_box_markup.html.erb within layouts/inlined_string (0.4ms)
  Rendered /Users/thomasvanderstraeten/.rbenv/versions/2.3.0/lib/ruby/gems/2.3.0/gems/web-console-2.3.0/lib/web_console/templates/style.css.erb within layouts/inlined_string (0.5ms)
  Rendered /Users/thomasvanderstraeten/.rbenv/versions/2.3.0/lib/ruby/gems/2.3.0/gems/web-console-2.3.0/lib/web_console/templates/console.js.erb within layouts/javascript (72.6ms)
  Rendered /Users/thomasvanderstraeten/.rbenv/versions/2.3.0/lib/ruby/gems/2.3.0/gems/web-console-2.3.0/lib/web_console/templates/main.js.erb within layouts/javascript (0.4ms)
  Rendered /Users/thomasvanderstraeten/.rbenv/versions/2.3.0/lib/ruby/gems/2.3.0/gems/web-console-2.3.0/lib/web_console/templates/error_page.js.erb within layouts/javascript (0.7ms)
  Rendered /Users/thomasvanderstraeten/.rbenv/versions/2.3.0/lib/ruby/gems/2.3.0/gems/web-console-2.3.0/lib/web_console/templates/index.html.erb (162.8ms)


Started GET "/users/auth/linkedin/callback?oauth_token=78--3ef8e903-3ad2-4a88-bab6-99aa8efdcb6d&oauth_verifier=82018" for ::1 at 2016-03-29 10:41:21 +0200
Processing by Users::OmniauthCallbacksController#failure as HTML
  Parameters: {"oauth_token"=>"78--3ef8e903-3ad2-4a88-bab6-99aa8efdcb6d", "oauth_verifier"=>"82018"}
Redirected to http://localhost:3000/
Completed 302 Found in 1ms (ActiveRecord: 0.0ms)


Started GET "/" for ::1 at 2016-03-29 10:41:23 +0200
Processing by PagesController#home as HTML
  Rendered pages/home.html.erb within layouts/application (0.5ms)
Completed 200 OK in 122ms (Views: 121.0ms | ActiveRecord: 0.0ms)


Started GET "/assets/application.self-6650d5a9ad57be8efef5a305f8611e5e4d2c1ea2776c1f672642cbed0a435f84.css?body=1" for ::1 at 2016-03-29 10:41:23 +0200


Started GET "/assets/jquery.self-660adc51e0224b731d29f575a6f1ec167ba08ad06ed5deca4f1e8654c135bf4c.js?body=1" for ::1 at 2016-03-29 10:41:23 +0200


Started GET "/assets/bootstrap/alert.self-d8b7bd612b3dcfdefb7b5539b9d5848d66ccbd3e7af8bb8d48bfb3288aaa7be8.js?body=1" for ::1 at 2016-03-29 10:41:23 +0200


Started GET "/assets/jquery_ujs.self-e87806d0cf4489aeb1bb7288016024e8de67fd18db693fe026fe3907581e53cd.js?body=1" for ::1 at 2016-03-29 10:41:23 +0200


Started GET "/assets/bootstrap/affix.self-3555752f8a930795ee9e56751a52e6871104ae85d01b3ab8363da3802a5ecc78.js?body=1" for ::1 at 2016-03-29 10:41:23 +0200


Started GET "/assets/bootstrap/button.self-e74d33ba39500940a78d6fa4d2d64f6ca7fd86d60a2149641f7fde7ba711d8a1.js?body=1" for ::1 at 2016-03-29 10:41:23 +0200


Started GET "/assets/bootstrap/carousel.self-35d204878d906298e55bc24553e11fd89b980fc4ffe5792fe36af8c0da289c54.js?body=1" for ::1 at 2016-03-29 10:41:23 +0200


Started GET "/assets/bootstrap/collapse.self-056c40532d9f0f126ec17e839f60c942f573fbd61a086e7f156306e3fc5e8c1f.js?body=1" for ::1 at 2016-03-29 10:41:23 +0200


Started GET "/assets/bootstrap/dropdown.self-e56c2ffee4618411d43ecf15c89273f6223847ad756e1cd17545d04afa732ed4.js?body=1" for ::1 at 2016-03-29 10:41:23 +0200


Started GET "/assets/bootstrap/popover.self-210cff1fb4b72b71a29b5122180cb5937c8145cd13a934dc838280f1d9607a3e.js?body=1" for ::1 at 2016-03-29 10:41:23 +0200


Started GET "/assets/bootstrap/scrollspy.self-52afd90e8ba97d9f08617a13986e8869d6c4a45751c0bff59a6f91241e722aca.js?body=1" for ::1 at 2016-03-29 10:41:23 +0200


Started GET "/assets/bootstrap/tab.self-dad0d5c377f9fae26394484535ebb23ccf68afae084f896af6ea4cdf8c9f6ae0.js?body=1" for ::1 at 2016-03-29 10:41:23 +0200


Started GET "/assets/bootstrap/transition.self-3b268d4cd8c79e46ded7392885f72f64ffb5b0d49948a12b8cf9779f6163e13a.js?body=1" for ::1 at 2016-03-29 10:41:23 +0200


Started GET "/assets/bootstrap/tooltip.self-facdc69246a072acb927ded77ff655f7c27a518b9357fddd45d119fbc8a0ab9f.js?body=1" for ::1 at 2016-03-29 10:41:23 +0200


Started GET "/assets/bootstrap/modal.self-62463080dba6b9d024ff0a3192da0e76eacbc683194f3395047c6f5cfa0acb59.js?body=1" for ::1 at 2016-03-29 10:41:23 +0200


Started GET "/assets/bootstrap-sprockets.self-fbfa5ad7d9aa0afe439ec4ff3883acc4cb92b62cb67c40d674320c9aa1d4642d.js?body=1" for ::1 at 2016-03-29 10:41:23 +0200


Started GET "/assets/turbolinks.self-c37727e9bd6b2735da5c311aa83fead54ed0be6cc8bd9a65309e9c5abe2cbfff.js?body=1" for ::1 at 2016-03-29 10:41:23 +0200


Started GET "/assets/pages.self-877aef30ae1b040ab8a3aba4e3e309a11d7f2612f44dde450b5c157aa5f95c05.js?body=1" for ::1 at 2016-03-29 10:41:23 +0200


Started GET "/assets/users/omniauth_callbacks.self-877aef30ae1b040ab8a3aba4e3e309a11d7f2612f44dde450b5c157aa5f95c05.js?body=1" for ::1 at 2016-03-29 10:41:23 +0200


Started GET "/assets/application.self-f8806224e027f3e3f0138ea9ce99319e298dfdb323304d1f1be6eae8e8c74724.js?body=1" for ::1 at 2016-03-29 10:41:23 +0200


Started GET "/" for ::1 at 2016-03-29 10:42:27 +0200
Processing by PagesController#home as HTML
  Rendered pages/home.html.erb within layouts/application (0.0ms)
Completed 200 OK in 49ms (Views: 48.1ms | ActiveRecord: 0.0ms)


Started GET "/assets/application.self-6650d5a9ad57be8efef5a305f8611e5e4d2c1ea2776c1f672642cbed0a435f84.css?body=1" for ::1 at 2016-03-29 10:42:27 +0200


Started GET "/assets/bootstrap/affix.self-3555752f8a930795ee9e56751a52e6871104ae85d01b3ab8363da3802a5ecc78.js?body=1" for ::1 at 2016-03-29 10:42:27 +0200


Started GET "/assets/jquery.self-660adc51e0224b731d29f575a6f1ec167ba08ad06ed5deca4f1e8654c135bf4c.js?body=1" for ::1 at 2016-03-29 10:42:27 +0200


Started GET "/assets/jquery_ujs.self-e87806d0cf4489aeb1bb7288016024e8de67fd18db693fe026fe3907581e53cd.js?body=1" for ::1 at 2016-03-29 10:42:27 +0200


Started GET "/assets/bootstrap/button.self-e74d33ba39500940a78d6fa4d2d64f6ca7fd86d60a2149641f7fde7ba711d8a1.js?body=1" for ::1 at 2016-03-29 10:42:27 +0200


Started GET "/assets/bootstrap/alert.self-d8b7bd612b3dcfdefb7b5539b9d5848d66ccbd3e7af8bb8d48bfb3288aaa7be8.js?body=1" for ::1 at 2016-03-29 10:42:27 +0200


Started GET "/assets/bootstrap/carousel.self-35d204878d906298e55bc24553e11fd89b980fc4ffe5792fe36af8c0da289c54.js?body=1" for ::1 at 2016-03-29 10:42:27 +0200


Started GET "/assets/bootstrap/collapse.self-056c40532d9f0f126ec17e839f60c942f573fbd61a086e7f156306e3fc5e8c1f.js?body=1" for ::1 at 2016-03-29 10:42:27 +0200


Started GET "/assets/bootstrap/dropdown.self-e56c2ffee4618411d43ecf15c89273f6223847ad756e1cd17545d04afa732ed4.js?body=1" for ::1 at 2016-03-29 10:42:27 +0200


Started GET "/assets/bootstrap/modal.self-62463080dba6b9d024ff0a3192da0e76eacbc683194f3395047c6f5cfa0acb59.js?body=1" for ::1 at 2016-03-29 10:42:27 +0200


Started GET "/assets/bootstrap/scrollspy.self-52afd90e8ba97d9f08617a13986e8869d6c4a45751c0bff59a6f91241e722aca.js?body=1" for ::1 at 2016-03-29 10:42:27 +0200


Started GET "/assets/bootstrap/tab.self-dad0d5c377f9fae26394484535ebb23ccf68afae084f896af6ea4cdf8c9f6ae0.js?body=1" for ::1 at 2016-03-29 10:42:27 +0200


Started GET "/assets/bootstrap/transition.self-3b268d4cd8c79e46ded7392885f72f64ffb5b0d49948a12b8cf9779f6163e13a.js?body=1" for ::1 at 2016-03-29 10:42:27 +0200


Started GET "/assets/bootstrap/tooltip.self-facdc69246a072acb927ded77ff655f7c27a518b9357fddd45d119fbc8a0ab9f.js?body=1" for ::1 at 2016-03-29 10:42:27 +0200


Started GET "/assets/bootstrap/popover.self-210cff1fb4b72b71a29b5122180cb5937c8145cd13a934dc838280f1d9607a3e.js?body=1" for ::1 at 2016-03-29 10:42:27 +0200


Started GET "/assets/bootstrap-sprockets.self-fbfa5ad7d9aa0afe439ec4ff3883acc4cb92b62cb67c40d674320c9aa1d4642d.js?body=1" for ::1 at 2016-03-29 10:42:27 +0200


Started GET "/assets/turbolinks.self-c37727e9bd6b2735da5c311aa83fead54ed0be6cc8bd9a65309e9c5abe2cbfff.js?body=1" for ::1 at 2016-03-29 10:42:27 +0200


Started GET "/assets/pages.self-877aef30ae1b040ab8a3aba4e3e309a11d7f2612f44dde450b5c157aa5f95c05.js?body=1" for ::1 at 2016-03-29 10:42:27 +0200


Started GET "/assets/users/omniauth_callbacks.self-877aef30ae1b040ab8a3aba4e3e309a11d7f2612f44dde450b5c157aa5f95c05.js?body=1" for ::1 at 2016-03-29 10:42:27 +0200


Started GET "/assets/application.self-f8806224e027f3e3f0138ea9ce99319e298dfdb323304d1f1be6eae8e8c74724.js?body=1" for ::1 at 2016-03-29 10:42:27 +0200
  [1m[36m (13.6ms)[0m  [1mCREATE TABLE "schema_migrations" ("version" character varying NOT NULL) [0m
  [1m[35m (9.0ms)[0m  CREATE UNIQUE INDEX  "unique_schema_migrations" ON "schema_migrations"  ("version")
  [1m[36mActiveRecord::SchemaMigration Load (0.8ms)[0m  [1mSELECT "schema_migrations".* FROM "schema_migrations"[0m
Migrating to DeviseCreateUsers (20160328195649)
  [1m[35m (0.2ms)[0m  BEGIN
  [1m[36m (17.6ms)[0m  [1mCREATE TABLE "users" ("id" serial primary key, "email" character varying DEFAULT '' NOT NULL, "encrypted_password" character varying DEFAULT '' NOT NULL, "reset_password_token" character varying, "reset_password_sent_at" timestamp, "remember_created_at" timestamp, "sign_in_count" integer DEFAULT 0 NOT NULL, "current_sign_in_at" timestamp, "last_sign_in_at" timestamp, "current_sign_in_ip" inet, "last_sign_in_ip" inet, "confirmation_token" character varying, "confirmed_at" timestamp, "confirmation_sent_at" timestamp, "unconfirmed_email" character varying, "first_name" character varying, "last_name" character varying, "avatar" character varying, "created_at" timestamp NOT NULL, "updated_at" timestamp NOT NULL) [0m
  [1m[35m (3.1ms)[0m  CREATE UNIQUE INDEX  "index_users_on_email" ON "users"  ("email")
  [1m[36m (3.1ms)[0m  [1mCREATE UNIQUE INDEX  "index_users_on_reset_password_token" ON "users"  ("reset_password_token")[0m
  [1m[35mSQL (0.4ms)[0m  INSERT INTO "schema_migrations" ("version") VALUES ($1)  [["version", "20160328195649"]]
  [1m[36m (5.9ms)[0m  [1mCOMMIT[0m
Migrating to AddOmniauthToUsers (20160328201504)
  [1m[35m (6.5ms)[0m  BEGIN
  [1m[36m (0.6ms)[0m  [1mALTER TABLE "users" ADD "provider" character varying[0m
  [1m[35m (0.4ms)[0m  ALTER TABLE "users" ADD "uid" character varying
  [1m[36mSQL (0.4ms)[0m  [1mINSERT INTO "schema_migrations" ("version") VALUES ($1)[0m  [["version", "20160328201504"]]
  [1m[35m (5.5ms)[0m  COMMIT
  [1m[36mActiveRecord::SchemaMigration Load (0.2ms)[0m  [1mSELECT "schema_migrations".* FROM "schema_migrations"[0m
  [1m[35m (2.1ms)[0m  SELECT t2.oid::regclass::text AS to_table, a1.attname AS column, a2.attname AS primary_key, c.conname AS name, c.confupdtype AS on_update, c.confdeltype AS on_delete
FROM pg_constraint c
JOIN pg_class t1 ON c.conrelid = t1.oid
JOIN pg_class t2 ON c.confrelid = t2.oid
JOIN pg_attribute a1 ON a1.attnum = c.conkey[1] AND a1.attrelid = t1.oid
JOIN pg_attribute a2 ON a2.attnum = c.confkey[1] AND a2.attrelid = t2.oid
JOIN pg_namespace t3 ON c.connamespace = t3.oid
WHERE c.contype = 'f'
  AND t1.relname = 'users'
  AND t3.nspname = ANY (current_schemas(false))
ORDER BY c.conname



Started GET "/users/sign_up" for ::1 at 2016-03-29 10:43:27 +0200
  [1m[36mActiveRecord::SchemaMigration Load (0.5ms)[0m  [1mSELECT "schema_migrations".* FROM "schema_migrations"[0m
Processing by Devise::RegistrationsController#new as HTML
  Rendered devise/shared/_links.html.erb (30.5ms)
  Rendered devise/registrations/new.html.erb within layouts/application (611.2ms)
Completed 200 OK in 1477ms (Views: 1445.5ms | ActiveRecord: 2.5ms)


Started GET "/users/sign_up" for ::1 at 2016-03-29 10:43:28 +0200
Processing by Devise::RegistrationsController#new as HTML
  Rendered devise/shared/_links.html.erb (28.5ms)
  Rendered devise/registrations/new.html.erb within layouts/application (40.3ms)
Completed 200 OK in 173ms (Views: 171.8ms | ActiveRecord: 0.0ms)


Started GET "/users/auth/linkedin" for ::1 at 2016-03-29 10:43:34 +0200


Started GET "/users/auth/linkedin" for ::1 at 2016-03-29 10:43:34 +0200


Started GET "/users/auth/linkedin/callback?oauth_token=78--09218b1e-75b6-47e3-a3fd-21874e6f884f&oauth_verifier=20151" for ::1 at 2016-03-29 10:43:35 +0200
Processing by Users::OmniauthCallbacksController#linkedin as HTML
  Parameters: {"oauth_token"=>"78--09218b1e-75b6-47e3-a3fd-21874e6f884f", "oauth_verifier"=>"20151"}
  [1m[35mUser Load (1.0ms)[0m  SELECT  "users".* FROM "users" WHERE "users"."provider" = $1 AND "users"."uid" = $2  ORDER BY "users"."id" ASC LIMIT 1  [["provider", "linkedin"], ["uid", "EI-a5IVPh5"]]
  [1m[36m (0.2ms)[0m  [1mBEGIN[0m
  [1m[35mUser Exists (0.6ms)[0m  SELECT  1 AS one FROM "users" WHERE "users"."email" = 'vanderstraeten.thomas@gmail.com' LIMIT 1
  [1m[36mUser Load (0.4ms)[0m  [1mSELECT  "users".* FROM "users" WHERE "users"."provider" = $1 AND "users"."uid" = $2 AND "users"."confirmation_token" = $3  ORDER BY "users"."id" ASC LIMIT 1[0m  [["provider", "linkedin"], ["uid", "EI-a5IVPh5"], ["confirmation_token", "fda931c3254f66191fec2852b06814f088eac9c1939f07620cb67ac8d45630fa"]]
  [1m[35mSQL (0.5ms)[0m  INSERT INTO "users" ("provider", "uid", "email", "encrypted_password", "first_name", "last_name", "avatar", "created_at", "updated_at", "confirmation_token", "confirmation_sent_at") VALUES ($1, $2, $3, $4, $5, $6, $7, $8, $9, $10, $11) RETURNING "id"  [["provider", "linkedin"], ["uid", "EI-a5IVPh5"], ["email", "vanderstraeten.thomas@gmail.com"], ["encrypted_password", "$2a$10$Lv3KjQfJaRSjJMvpPtCGtunKNb.owyxVbDg4hDkmhXychdVPr8olO"], ["first_name", "Thomas"], ["last_name", "Vanderstraeten"], ["avatar", "https://media.licdn.com/mpr/mprx/0_yHCbiqUZ_0N_5xrZYehqinHNiVT85VhZYun4in4dpyvKsYc4ratwS9uFDc3x6j3NgI8M2AQk2_uE"], ["created_at", "2016-03-29 08:43:36.845030"], ["updated_at", "2016-03-29 08:43:36.845030"], ["confirmation_token", "GTLV7iY5jnXgrmPR84Dx"], ["confirmation_sent_at", "2016-03-29 08:43:37.128066"]]
  Rendered devise/mailer/confirmation_instructions.html.erb (7.9ms)

Devise::Mailer#confirmation_instructions: processed outbound mail in 317.9ms

Sent mail to vanderstraeten.thomas@gmail.com (1790.8ms)
Date: Tue, 29 Mar 2016 10:43:37 +0200
From: please-change-me-at-config-initializers-devise@example.com
Reply-To: please-change-me-at-config-initializers-devise@example.com
To: vanderstraeten.thomas@gmail.com
Message-ID: <56fa40397587d_30bc3fd9c10f537c723d2@Thomass-MacBook-Air-3.local.mail>
Subject: Confirmation instructions
Mime-Version: 1.0
Content-Type: text/html;
 charset=UTF-8
Content-Transfer-Encoding: 7bit

<p>Welcome vanderstraeten.thomas@gmail.com!</p>

<p>You can confirm your account email through the link below:</p>

<p><a href="http://localhost:3000/users/confirmation?confirmation_token=GTLV7iY5jnXgrmPR84Dx">Confirm my account</a></p>

  [1m[36m (2.4ms)[0m  [1mCOMMIT[0m
  [1m[35m (0.2ms)[0m  BEGIN
  [1m[36m (0.2ms)[0m  [1mCOMMIT[0m
Completed 401 Unauthorized in 2594ms (ActiveRecord: 5.9ms)


Started GET "/users/sign_in" for ::1 at 2016-03-29 10:43:39 +0200
Processing by Devise::SessionsController#new as HTML
  Rendered devise/shared/_links.html.erb (19.5ms)
  Rendered devise/sessions/new.html.erb within layouts/application (39.9ms)
Completed 200 OK in 105ms (Views: 101.0ms | ActiveRecord: 0.0ms)


Started GET "/users/auth/linkedin" for ::1 at 2016-03-29 10:43:43 +0200


Started GET "/users/auth/linkedin" for ::1 at 2016-03-29 10:43:43 +0200


Started GET "/users/auth/linkedin/callback?oauth_token=78--fde4d1d8-a2bc-456d-80d0-a024571ae453&oauth_verifier=62024" for ::1 at 2016-03-29 10:43:44 +0200
Processing by Users::OmniauthCallbacksController#linkedin as HTML
  Parameters: {"oauth_token"=>"78--fde4d1d8-a2bc-456d-80d0-a024571ae453", "oauth_verifier"=>"62024"}
  [1m[35mUser Load (0.6ms)[0m  SELECT  "users".* FROM "users" WHERE "users"."provider" = $1 AND "users"."uid" = $2  ORDER BY "users"."id" ASC LIMIT 1  [["provider", "linkedin"], ["uid", "EI-a5IVPh5"]]
  [1m[36m (0.2ms)[0m  [1mBEGIN[0m
  [1m[35m (0.2ms)[0m  COMMIT
Completed 401 Unauthorized in 6ms (ActiveRecord: 1.0ms)


Started GET "/users/sign_in" for ::1 at 2016-03-29 10:43:45 +0200
Processing by Devise::SessionsController#new as HTML
  Rendered devise/shared/_links.html.erb (12.6ms)
  Rendered devise/sessions/new.html.erb within layouts/application (21.1ms)
Completed 200 OK in 84ms (Views: 81.7ms | ActiveRecord: 0.0ms)


Started GET "/users/sign_up" for ::1 at 2016-03-29 10:43:51 +0200
Processing by Devise::RegistrationsController#new as HTML
  Rendered devise/shared/_links.html.erb (12.3ms)
  Rendered devise/registrations/new.html.erb within layouts/application (18.0ms)
Completed 200 OK in 87ms (Views: 85.5ms | ActiveRecord: 0.0ms)


Started GET "/users/auth/linkedin" for ::1 at 2016-03-29 10:43:53 +0200


Started GET "/users/auth/linkedin" for ::1 at 2016-03-29 10:43:54 +0200


Started GET "/users/auth/linkedin" for ::1 at 2016-03-29 10:43:54 +0200


Started GET "/users/auth/linkedin/callback?oauth_token=78--f5bde7ba-6799-45bc-b60f-6d8dc9a16a01&oauth_verifier=87549" for ::1 at 2016-03-29 10:43:55 +0200
Processing by Users::OmniauthCallbacksController#linkedin as HTML
  Parameters: {"oauth_token"=>"78--f5bde7ba-6799-45bc-b60f-6d8dc9a16a01", "oauth_verifier"=>"87549"}
  [1m[36mUser Load (0.6ms)[0m  [1mSELECT  "users".* FROM "users" WHERE "users"."provider" = $1 AND "users"."uid" = $2  ORDER BY "users"."id" ASC LIMIT 1[0m  [["provider", "linkedin"], ["uid", "EI-a5IVPh5"]]
  [1m[35m (0.2ms)[0m  BEGIN
  [1m[36m (0.2ms)[0m  [1mCOMMIT[0m
Completed 401 Unauthorized in 6ms (ActiveRecord: 1.0ms)


Started GET "/users/auth/linkedin" for ::1 at 2016-03-29 10:43:56 +0200


Started GET "/users/auth/linkedin/callback?oauth_token=78--262ec612-6d04-47ca-90eb-b6cd6d18b3b4&oauth_verifier=54075" for ::1 at 2016-03-29 10:43:57 +0200
Processing by Users::OmniauthCallbacksController#linkedin as HTML
  Parameters: {"oauth_token"=>"78--262ec612-6d04-47ca-90eb-b6cd6d18b3b4", "oauth_verifier"=>"54075"}
  [1m[35mUser Load (0.6ms)[0m  SELECT  "users".* FROM "users" WHERE "users"."provider" = $1 AND "users"."uid" = $2  ORDER BY "users"."id" ASC LIMIT 1  [["provider", "linkedin"], ["uid", "EI-a5IVPh5"]]
  [1m[36m (0.2ms)[0m  [1mBEGIN[0m
  [1m[35m (0.2ms)[0m  COMMIT
Completed 401 Unauthorized in 6ms (ActiveRecord: 1.0ms)


Started GET "/users/sign_in" for ::1 at 2016-03-29 10:43:58 +0200
Processing by Devise::SessionsController#new as HTML
  Rendered devise/shared/_links.html.erb (15.4ms)
  Rendered devise/sessions/new.html.erb within layouts/application (20.4ms)
Completed 200 OK in 95ms (Views: 94.1ms | ActiveRecord: 0.0ms)


Started GET "/users/confirmation?confirmation_token=GTLV7iY5jnXgrmPR84Dx" for ::1 at 2016-03-29 10:44:29 +0200
Processing by Devise::ConfirmationsController#show as HTML
  Parameters: {"confirmation_token"=>"GTLV7iY5jnXgrmPR84Dx"}
  [1m[36mUser Load (0.3ms)[0m  [1mSELECT  "users".* FROM "users" WHERE "users"."confirmation_token" = $1  ORDER BY "users"."id" ASC LIMIT 1[0m  [["confirmation_token", "GTLV7iY5jnXgrmPR84Dx"]]
  [1m[35m (0.1ms)[0m  BEGIN
  [1m[36mSQL (0.3ms)[0m  [1mUPDATE "users" SET "confirmed_at" = $1, "updated_at" = $2 WHERE "users"."id" = $3[0m  [["confirmed_at", "2016-03-29 08:44:29.734654"], ["updated_at", "2016-03-29 08:44:29.735258"], ["id", 1]]
  [1m[35m (5.7ms)[0m  COMMIT
Redirected to http://localhost:3000/users/sign_in
Completed 302 Found in 19ms (ActiveRecord: 6.4ms)


Started GET "/users/sign_in" for ::1 at 2016-03-29 10:44:29 +0200
Processing by Devise::SessionsController#new as HTML
  Rendered devise/shared/_links.html.erb (15.3ms)
  Rendered devise/sessions/new.html.erb within layouts/application (22.2ms)
Completed 200 OK in 72ms (Views: 71.3ms | ActiveRecord: 0.0ms)


Started GET "/users/auth/linkedin" for ::1 at 2016-03-29 10:44:33 +0200


Started GET "/users/auth/linkedin" for ::1 at 2016-03-29 10:44:34 +0200


Started GET "/users/auth/linkedin/callback?oauth_token=78--7e36be9e-210c-434e-a858-1d64065eb5a8&oauth_verifier=55377" for ::1 at 2016-03-29 10:44:35 +0200
Processing by Users::OmniauthCallbacksController#linkedin as HTML
  Parameters: {"oauth_token"=>"78--7e36be9e-210c-434e-a858-1d64065eb5a8", "oauth_verifier"=>"55377"}
  [1m[36mUser Load (0.9ms)[0m  [1mSELECT  "users".* FROM "users" WHERE "users"."provider" = $1 AND "users"."uid" = $2  ORDER BY "users"."id" ASC LIMIT 1[0m  [["provider", "linkedin"], ["uid", "EI-a5IVPh5"]]
  [1m[35m (0.2ms)[0m  BEGIN
  [1m[36mSQL (0.5ms)[0m  [1mUPDATE "users" SET "last_sign_in_at" = $1, "current_sign_in_at" = $2, "last_sign_in_ip" = $3, "current_sign_in_ip" = $4, "sign_in_count" = $5, "updated_at" = $6 WHERE "users"."id" = $7[0m  [["last_sign_in_at", "2016-03-29 08:44:36.485526"], ["current_sign_in_at", "2016-03-29 08:44:36.485526"], ["last_sign_in_ip", "::1/128"], ["current_sign_in_ip", "::1/128"], ["sign_in_count", 1], ["updated_at", "2016-03-29 08:44:36.487442"], ["id", 1]]
  [1m[35m (2.2ms)[0m  COMMIT
Redirected to http://localhost:3000/users/auth/linkedin/callback?oauth_token=78--262ec612-6d04-47ca-90eb-b6cd6d18b3b4&oauth_verifier=54075
Completed 302 Found in 12ms (ActiveRecord: 3.8ms)


Started GET "/users/auth/linkedin/callback?oauth_token=78--262ec612-6d04-47ca-90eb-b6cd6d18b3b4&oauth_verifier=54075" for ::1 at 2016-03-29 10:44:36 +0200
Processing by Users::OmniauthCallbacksController#failure as HTML
  Parameters: {"oauth_token"=>"78--262ec612-6d04-47ca-90eb-b6cd6d18b3b4", "oauth_verifier"=>"54075"}
Redirected to http://localhost:3000/
Completed 302 Found in 1ms (ActiveRecord: 0.0ms)


Started GET "/" for ::1 at 2016-03-29 10:44:36 +0200
Processing by PagesController#home as HTML
  Rendered pages/home.html.erb within layouts/application (0.3ms)
  [1m[36mUser Load (2.4ms)[0m  [1mSELECT  "users".* FROM "users" WHERE "users"."id" = $1  ORDER BY "users"."id" ASC LIMIT 1[0m  [["id", 1]]
Completed 200 OK in 62ms (Views: 58.2ms | ActiveRecord: 2.4ms)


Started DELETE "/users/sign_out" for ::1 at 2016-03-29 10:44:44 +0200
Processing by Devise::SessionsController#destroy as HTML
  Parameters: {"authenticity_token"=>"euuOhzRSRtI3Pda8vwOyegFoJbC+ChvFrO6z5O22AfHE27zmUsul2LVZCrGk8gS1FFJSkI67JTBcUDRYyLBxIg=="}
  [1m[35mUser Load (0.3ms)[0m  SELECT  "users".* FROM "users" WHERE "users"."id" = $1  ORDER BY "users"."id" ASC LIMIT 1  [["id", 1]]
  [1m[36m (0.1ms)[0m  [1mBEGIN[0m
  [1m[35m (0.1ms)[0m  COMMIT
Redirected to http://localhost:3000/
Completed 302 Found in 6ms (ActiveRecord: 0.6ms)


Started GET "/" for ::1 at 2016-03-29 10:44:44 +0200
Processing by PagesController#home as HTML
  Rendered pages/home.html.erb within layouts/application (0.0ms)
Completed 200 OK in 54ms (Views: 53.4ms | ActiveRecord: 0.0ms)


Started GET "/users/sign_in" for ::1 at 2016-03-29 10:44:46 +0200
Processing by Devise::SessionsController#new as HTML
  Rendered devise/shared/_links.html.erb (13.5ms)
  Rendered devise/sessions/new.html.erb within layouts/application (19.0ms)
Completed 200 OK in 63ms (Views: 61.8ms | ActiveRecord: 0.0ms)


Started GET "/users/auth/linkedin" for ::1 at 2016-03-29 10:44:49 +0200


Started GET "/users/auth/linkedin" for ::1 at 2016-03-29 10:44:49 +0200


Started GET "/users/auth/linkedin/callback?oauth_token=78--1a425a94-d9d0-4ee1-9233-4daf65f55c04&oauth_verifier=95828" for ::1 at 2016-03-29 10:44:51 +0200
Processing by Users::OmniauthCallbacksController#linkedin as HTML
  Parameters: {"oauth_token"=>"78--1a425a94-d9d0-4ee1-9233-4daf65f55c04", "oauth_verifier"=>"95828"}
  [1m[36mUser Load (0.6ms)[0m  [1mSELECT  "users".* FROM "users" WHERE "users"."provider" = $1 AND "users"."uid" = $2  ORDER BY "users"."id" ASC LIMIT 1[0m  [["provider", "linkedin"], ["uid", "EI-a5IVPh5"]]
  [1m[35m (0.2ms)[0m  BEGIN
  [1m[36mSQL (0.5ms)[0m  [1mUPDATE "users" SET "current_sign_in_at" = $1, "sign_in_count" = $2, "updated_at" = $3 WHERE "users"."id" = $4[0m  [["current_sign_in_at", "2016-03-29 08:44:52.180990"], ["sign_in_count", 2], ["updated_at", "2016-03-29 08:44:52.184631"], ["id", 1]]
  [1m[35m (2.5ms)[0m  COMMIT
Redirected to http://localhost:3000/
Completed 302 Found in 14ms (ActiveRecord: 3.8ms)


Started GET "/" for ::1 at 2016-03-29 10:44:52 +0200
Processing by PagesController#home as HTML
  Rendered pages/home.html.erb within layouts/application (0.1ms)
  [1m[36mUser Load (0.5ms)[0m  [1mSELECT  "users".* FROM "users" WHERE "users"."id" = $1  ORDER BY "users"."id" ASC LIMIT 1[0m  [["id", 1]]
Completed 200 OK in 48ms (Views: 46.9ms | ActiveRecord: 0.5ms)


Started GET "/users/auth/facebook" for ::1 at 2016-03-29 10:47:17 +0200


Started GET "/users/auth/facebook" for ::1 at 2016-03-29 10:47:17 +0200


Started GET "/users/auth/facebook/callback?code=AQCVDSQ8RJHQyf_PArZJOqhH6w_TQ-vsTwNDBT2k6ivV5oWKc0Ji91KeMjkA4JAiwO2h3F3dafCSWgvBvk4Cc-9dbWbXBDmqzZ2eGtTF40fb6Xc6-V4CmWiKvIkmd5GmMitYY80Ee0fyMXkpXqGRYe-1AZ2nZnvEuxMDN0ikCQ1lBOsfW8OFnA00yOkMnskumnQOMXPo6_glNMd54lTW89Gakw6c7RFiLHo-fG-HKSqGUzVZyocwJFMuOd1McLI8QJCWPXA4o3z-E3xp9lCmaRxYYA436uBUzUp3UNjw1Dm1JhiK3EHU5N8JlUvMalVFvV0&state=df2933ae8362196b3d4adaeee038d568b808e1ada51ffe4a" for ::1 at 2016-03-29 10:47:24 +0200
Processing by Users::OmniauthCallbacksController#facebook as HTML
  Parameters: {"code"=>"AQCVDSQ8RJHQyf_PArZJOqhH6w_TQ-vsTwNDBT2k6ivV5oWKc0Ji91KeMjkA4JAiwO2h3F3dafCSWgvBvk4Cc-9dbWbXBDmqzZ2eGtTF40fb6Xc6-V4CmWiKvIkmd5GmMitYY80Ee0fyMXkpXqGRYe-1AZ2nZnvEuxMDN0ikCQ1lBOsfW8OFnA00yOkMnskumnQOMXPo6_glNMd54lTW89Gakw6c7RFiLHo-fG-HKSqGUzVZyocwJFMuOd1McLI8QJCWPXA4o3z-E3xp9lCmaRxYYA436uBUzUp3UNjw1Dm1JhiK3EHU5N8JlUvMalVFvV0", "state"=>"df2933ae8362196b3d4adaeee038d568b808e1ada51ffe4a"}
  [1m[35mUser Load (0.4ms)[0m  SELECT  "users".* FROM "users" WHERE "users"."provider" = $1 AND "users"."uid" = $2  ORDER BY "users"."id" ASC LIMIT 1  [["provider", "facebook"], ["uid", "10154109279952082"]]
  [1m[36m (0.2ms)[0m  [1mBEGIN[0m
  [1m[35mUser Exists (0.4ms)[0m  SELECT  1 AS one FROM "users" WHERE "users"."email" = 'vanderstraeten.thomas@gmail.com' LIMIT 1
  [1m[36m (0.2ms)[0m  [1mROLLBACK[0m
Redirected to http://localhost:3000/users/sign_up
Completed 302 Found in 89ms (ActiveRecord: 1.2ms)


Started GET "/users/sign_up" for ::1 at 2016-03-29 10:47:25 +0200
Processing by Devise::RegistrationsController#new as HTML
  [1m[35mUser Load (0.3ms)[0m  SELECT  "users".* FROM "users" WHERE "users"."id" = $1  ORDER BY "users"."id" ASC LIMIT 1  [["id", 1]]
Redirected to http://localhost:3000/
Filter chain halted as :require_no_authentication rendered or redirected
Completed 302 Found in 2ms (ActiveRecord: 0.3ms)


Started GET "/" for ::1 at 2016-03-29 10:47:25 +0200
Processing by PagesController#home as HTML
  Rendered pages/home.html.erb within layouts/application (0.0ms)
  [1m[36mUser Load (0.4ms)[0m  [1mSELECT  "users".* FROM "users" WHERE "users"."id" = $1  ORDER BY "users"."id" ASC LIMIT 1[0m  [["id", 1]]
Completed 200 OK in 72ms (Views: 71.0ms | ActiveRecord: 0.4ms)
  [1m[36mUser Load (1.0ms)[0m  [1mSELECT "users".* FROM "users"[0m
